
  .   ____          _            __ _ _
 /\\ / ___'_ __ _ _(_)_ __  __ _ \ \ \ \
( ( )\___ | '_ | '_| | '_ \/ _` | \ \ \ \
 \\/  ___)| |_)| | | | | || (_| |  ) ) ) )
  '  |____| .__|_| |_|_| |_\__, | / / / /
 =========|_|==============|___/=/_/_/_/
 :: Spring Boot ::        (v1.5.6.RELEASE)

2020-11-27 16:43:42.049  INFO 15272 --- [           main] top.sogrey.HelloApplication              : Starting HelloApplication v0.0.1-SNAPSHOT on WIN-VE3N9BSAL5R with PID 15272 (E:\workspace\java\restart\SpringBootDemo-0.0.1-SNAPSHOT.jar started by WIN-VE3N9BSAL5R$ in E:\workspace\java\restart)
2020-11-27 16:43:42.056  INFO 15272 --- [           main] top.sogrey.HelloApplication              : The following profiles are active: dev
2020-11-27 16:43:42.187  INFO 15272 --- [           main] ationConfigEmbeddedWebApplicationContext : Refreshing org.springframework.boot.context.embedded.AnnotationConfigEmbeddedWebApplicationContext@4bf558aa: startup date [Fri Nov 27 16:43:42 CST 2020]; root of context hierarchy
2020-11-27 16:43:48.906  INFO 15272 --- [           main] s.b.c.e.t.TomcatEmbeddedServletContainer : Tomcat initialized with port(s): 10111 (http)
2020-11-27 16:43:48.942  INFO 15272 --- [           main] o.apache.catalina.core.StandardService   : Starting service [Tomcat]
2020-11-27 16:43:48.947  INFO 15272 --- [           main] org.apache.catalina.core.StandardEngine  : Starting Servlet Engine: Apache Tomcat/8.5.16
2020-11-27 16:43:49.165  INFO 15272 --- [ost-startStop-1] o.a.c.c.C.[Tomcat].[localhost].[/]       : Initializing Spring embedded WebApplicationContext
2020-11-27 16:43:49.165  INFO 15272 --- [ost-startStop-1] o.s.web.context.ContextLoader            : Root WebApplicationContext: initialization completed in 6981 ms
2020-11-27 16:43:49.569  INFO 15272 --- [ost-startStop-1] o.s.b.w.servlet.ServletRegistrationBean  : Mapping servlet: 'dispatcherServlet' to [/]
2020-11-27 16:43:49.583  INFO 15272 --- [ost-startStop-1] o.s.b.w.servlet.FilterRegistrationBean   : Mapping filter: 'characterEncodingFilter' to: [/*]
2020-11-27 16:43:49.584  INFO 15272 --- [ost-startStop-1] o.s.b.w.servlet.FilterRegistrationBean   : Mapping filter: 'hiddenHttpMethodFilter' to: [/*]
2020-11-27 16:43:49.584  INFO 15272 --- [ost-startStop-1] o.s.b.w.servlet.FilterRegistrationBean   : Mapping filter: 'httpPutFormContentFilter' to: [/*]
2020-11-27 16:43:49.585  INFO 15272 --- [ost-startStop-1] o.s.b.w.servlet.FilterRegistrationBean   : Mapping filter: 'requestContextFilter' to: [/*]
2020-11-27 16:43:50.228  INFO 15272 --- [           main] s.w.s.m.m.a.RequestMappingHandlerAdapter : Looking for @ControllerAdvice: org.springframework.boot.context.embedded.AnnotationConfigEmbeddedWebApplicationContext@4bf558aa: startup date [Fri Nov 27 16:43:42 CST 2020]; root of context hierarchy
2020-11-27 16:43:50.399  INFO 15272 --- [           main] s.w.s.m.m.a.RequestMappingHandlerMapping : Mapped "{[/api/hello]}" onto public java.lang.String top.sogrey.controller.HelloController.sayHello(java.lang.String)
2020-11-27 16:43:50.401  INFO 15272 --- [           main] s.w.s.m.m.a.RequestMappingHandlerMapping : Mapped "{[/api/]}" onto public java.lang.String top.sogrey.controller.HelloController.hello()
2020-11-27 16:43:50.404  INFO 15272 --- [           main] s.w.s.m.m.a.RequestMappingHandlerMapping : Mapped "{[/error]}" onto public org.springframework.http.ResponseEntity<java.util.Map<java.lang.String, java.lang.Object>> org.springframework.boot.autoconfigure.web.BasicErrorController.error(javax.servlet.http.HttpServletRequest)
2020-11-27 16:43:50.405  INFO 15272 --- [           main] s.w.s.m.m.a.RequestMappingHandlerMapping : Mapped "{[/error],produces=[text/html]}" onto public org.springframework.web.servlet.ModelAndView org.springframework.boot.autoconfigure.web.BasicErrorController.errorHtml(javax.servlet.http.HttpServletRequest,javax.servlet.http.HttpServletResponse)
2020-11-27 16:43:50.454  INFO 15272 --- [           main] o.s.w.s.handler.SimpleUrlHandlerMapping  : Mapped URL path [/webjars/**] onto handler of type [class org.springframework.web.servlet.resource.ResourceHttpRequestHandler]
2020-11-27 16:43:50.454  INFO 15272 --- [           main] o.s.w.s.handler.SimpleUrlHandlerMapping  : Mapped URL path [/**] onto handler of type [class org.springframework.web.servlet.resource.ResourceHttpRequestHandler]
2020-11-27 16:43:50.523  INFO 15272 --- [           main] o.s.w.s.handler.SimpleUrlHandlerMapping  : Mapped URL path [/**/favicon.ico] onto handler of type [class org.springframework.web.servlet.resource.ResourceHttpRequestHandler]
2020-11-27 16:43:50.803  INFO 15272 --- [           main] o.s.j.e.a.AnnotationMBeanExporter        : Registering beans for JMX exposure on startup
2020-11-27 16:43:51.021  INFO 15272 --- [           main] s.b.c.e.t.TomcatEmbeddedServletContainer : Tomcat started on port(s): 10111 (http)
2020-11-27 16:43:51.036  INFO 15272 --- [           main] top.sogrey.HelloApplication              : Started HelloApplication in 9.679 seconds (JVM running for 10.41)

  .   ____          _            __ _ _
 /\\ / ___'_ __ _ _(_)_ __  __ _ \ \ \ \
( ( )\___ | '_ | '_| | '_ \/ _` | \ \ \ \
 \\/  ___)| |_)| | | | | || (_| |  ) ) ) )
  '  |____| .__|_| |_|_| |_\__, | / / / /
 =========|_|==============|___/=/_/_/_/
 :: Spring Boot ::        (v1.5.6.RELEASE)

2020-11-27 18:09:52.275  INFO 8820 --- [           main] top.sogrey.HelloApplication              : Starting HelloApplication v0.0.1-SNAPSHOT on WIN-VE3N9BSAL5R with PID 8820 (E:\workspace\java\restart\SpringBootDemo-0.0.1-SNAPSHOT.jar started by WIN-VE3N9BSAL5R$ in E:\workspace\java\restart)
2020-11-27 18:09:52.285  INFO 8820 --- [           main] top.sogrey.HelloApplication              : The following profiles are active: dev
2020-11-27 18:09:52.436  INFO 8820 --- [           main] ationConfigEmbeddedWebApplicationContext : Refreshing org.springframework.boot.context.embedded.AnnotationConfigEmbeddedWebApplicationContext@4bf558aa: startup date [Fri Nov 27 18:09:52 CST 2020]; root of context hierarchy
2020-11-27 18:09:55.283  INFO 8820 --- [           main] s.b.c.e.t.TomcatEmbeddedServletContainer : Tomcat initialized with port(s): 10111 (http)
2020-11-27 18:09:55.303  INFO 8820 --- [           main] o.apache.catalina.core.StandardService   : Starting service [Tomcat]
2020-11-27 18:09:55.305  INFO 8820 --- [           main] org.apache.catalina.core.StandardEngine  : Starting Servlet Engine: Apache Tomcat/8.5.16
2020-11-27 18:09:55.488  INFO 8820 --- [ost-startStop-1] o.a.c.c.C.[Tomcat].[localhost].[/]       : Initializing Spring embedded WebApplicationContext
2020-11-27 18:09:55.489  INFO 8820 --- [ost-startStop-1] o.s.web.context.ContextLoader            : Root WebApplicationContext: initialization completed in 3062 ms
2020-11-27 18:09:55.772  INFO 8820 --- [ost-startStop-1] o.s.b.w.servlet.ServletRegistrationBean  : Mapping servlet: 'dispatcherServlet' to [/]
2020-11-27 18:09:55.784  INFO 8820 --- [ost-startStop-1] o.s.b.w.servlet.FilterRegistrationBean   : Mapping filter: 'characterEncodingFilter' to: [/*]
2020-11-27 18:09:55.784  INFO 8820 --- [ost-startStop-1] o.s.b.w.servlet.FilterRegistrationBean   : Mapping filter: 'hiddenHttpMethodFilter' to: [/*]
2020-11-27 18:09:55.784  INFO 8820 --- [ost-startStop-1] o.s.b.w.servlet.FilterRegistrationBean   : Mapping filter: 'httpPutFormContentFilter' to: [/*]
2020-11-27 18:09:55.784  INFO 8820 --- [ost-startStop-1] o.s.b.w.servlet.FilterRegistrationBean   : Mapping filter: 'requestContextFilter' to: [/*]
2020-11-27 18:09:56.358  INFO 8820 --- [           main] s.w.s.m.m.a.RequestMappingHandlerAdapter : Looking for @ControllerAdvice: org.springframework.boot.context.embedded.AnnotationConfigEmbeddedWebApplicationContext@4bf558aa: startup date [Fri Nov 27 18:09:52 CST 2020]; root of context hierarchy
2020-11-27 18:09:56.495  INFO 8820 --- [           main] s.w.s.m.m.a.RequestMappingHandlerMapping : Mapped "{[/api/hello]}" onto public java.lang.String top.sogrey.controller.HelloController.sayHello(java.lang.String)
2020-11-27 18:09:56.496  INFO 8820 --- [           main] s.w.s.m.m.a.RequestMappingHandlerMapping : Mapped "{[/api/]}" onto public java.lang.String top.sogrey.controller.HelloController.hello()
2020-11-27 18:09:56.497  INFO 8820 --- [           main] s.w.s.m.m.a.RequestMappingHandlerMapping : Mapped "{[/error]}" onto public org.springframework.http.ResponseEntity<java.util.Map<java.lang.String, java.lang.Object>> org.springframework.boot.autoconfigure.web.BasicErrorController.error(javax.servlet.http.HttpServletRequest)
2020-11-27 18:09:56.497  INFO 8820 --- [           main] s.w.s.m.m.a.RequestMappingHandlerMapping : Mapped "{[/error],produces=[text/html]}" onto public org.springframework.web.servlet.ModelAndView org.springframework.boot.autoconfigure.web.BasicErrorController.errorHtml(javax.servlet.http.HttpServletRequest,javax.servlet.http.HttpServletResponse)
2020-11-27 18:09:56.524  INFO 8820 --- [           main] o.s.w.s.handler.SimpleUrlHandlerMapping  : Mapped URL path [/webjars/**] onto handler of type [class org.springframework.web.servlet.resource.ResourceHttpRequestHandler]
2020-11-27 18:09:56.525  INFO 8820 --- [           main] o.s.w.s.handler.SimpleUrlHandlerMapping  : Mapped URL path [/**] onto handler of type [class org.springframework.web.servlet.resource.ResourceHttpRequestHandler]
2020-11-27 18:09:56.570  INFO 8820 --- [           main] o.s.w.s.handler.SimpleUrlHandlerMapping  : Mapped URL path [/**/favicon.ico] onto handler of type [class org.springframework.web.servlet.resource.ResourceHttpRequestHandler]
2020-11-27 18:09:56.803  INFO 8820 --- [           main] o.s.j.e.a.AnnotationMBeanExporter        : Registering beans for JMX exposure on startup
2020-11-27 18:09:56.921  INFO 8820 --- [           main] s.b.c.e.t.TomcatEmbeddedServletContainer : Tomcat started on port(s): 10111 (http)
2020-11-27 18:09:56.932  INFO 8820 --- [           main] top.sogrey.HelloApplication              : Started HelloApplication in 5.328 seconds (JVM running for 6.078)
2020-11-27 18:10:36.143  INFO 8820 --- [io-10111-exec-1] o.a.c.c.C.[Tomcat].[localhost].[/]       : Initializing Spring FrameworkServlet 'dispatcherServlet'
2020-11-27 18:10:36.143  INFO 8820 --- [io-10111-exec-1] o.s.web.servlet.DispatcherServlet        : FrameworkServlet 'dispatcherServlet': initialization started
2020-11-27 18:10:36.173  INFO 8820 --- [io-10111-exec-1] o.s.web.servlet.DispatcherServlet        : FrameworkServlet 'dispatcherServlet': initialization completed in 30 ms
